2024-06-12 17:24:44,737 ERROR: Error adding discount: (builtins.TypeError) SQLite DateTime type only accepts Python datetime and date objects as input.
[SQL: INSERT INTO discount (code, description, discount_percent, valid_from, valid_to) VALUES (?, ?, ?, ?, ?)]
[parameters: [{'description': 'Summer Sale! Enjoy exclusive deals', 'discount_percent': 10, 'valid_from': '2023-06-01', 'code': 'SUMMER2023', 'valid_to': '2023-06-30'}]] [in C:\Users\subha\OneDrive\Desktop\Flask_asgmnt\HashKart_assignmnet\HashKart\app\discount\routes.py:33]
2024-06-12 17:26:56,359 ERROR: Error adding discount: (builtins.TypeError) SQLite DateTime type only accepts Python datetime and date objects as input.
[SQL: INSERT INTO discount (code, description, discount_percent, valid_from, valid_to) VALUES (?, ?, ?, ?, ?)]
[parameters: [{'description': 'Summer Sale! Enjoy exclusive deals', 'discount_percent': 10, 'valid_from': '01-06-2024', 'code': 'SUMMER2023', 'valid_to': '30-06-2024'}]] [in C:\Users\subha\OneDrive\Desktop\Flask_asgmnt\HashKart_assignmnet\HashKart\app\discount\routes.py:33]
2024-06-12 17:27:49,782 ERROR: Error adding discount: 400 Bad Request: The browser (or proxy) sent a request that this server could not understand. [in C:\Users\subha\OneDrive\Desktop\Flask_asgmnt\HashKart_assignmnet\HashKart\app\discount\routes.py:33]
2024-06-12 17:29:02,893 ERROR: Error adding discount: (builtins.TypeError) SQLite DateTime type only accepts Python datetime and date objects as input.
[SQL: INSERT INTO discount (code, description, discount_percent, valid_from, valid_to) VALUES (?, ?, ?, ?, ?)]
[parameters: [{'description': 'Summer Sale! Enjoy exclusive deals', 'discount_percent': 10, 'valid_from': '2024-06-01', 'code': 'SUMMER2023', 'valid_to': '2024-06-30'}]] [in C:\Users\subha\OneDrive\Desktop\Flask_asgmnt\HashKart_assignmnet\HashKart\app\discount\routes.py:33]
2024-06-12 17:31:53,575 INFO: HashKart startup [in C:\Users\subha\OneDrive\Desktop\Flask_asgmnt\HashKart_assignmnet\HashKart\app\__init__.py:28]
2024-06-12 17:31:56,450 ERROR: Error adding discount: time data '2024-06-01' does not match format '%d-%m-%Y' [in C:\Users\subha\OneDrive\Desktop\Flask_asgmnt\HashKart_assignmnet\HashKart\app\discount\routes.py:33]
2024-06-12 17:32:27,067 INFO: New discount SUMMER2023 added successfully [in C:\Users\subha\OneDrive\Desktop\Flask_asgmnt\HashKart_assignmnet\HashKart\app\discount\routes.py:29]
2024-06-12 17:32:52,026 INFO: New discount SUMMER2024 added successfully [in C:\Users\subha\OneDrive\Desktop\Flask_asgmnt\HashKart_assignmnet\HashKart\app\discount\routes.py:29]
2024-06-12 17:32:59,343 INFO: Fetched all discounts [in C:\Users\subha\OneDrive\Desktop\Flask_asgmnt\HashKart_assignmnet\HashKart\app\discount\routes.py:40]
2024-06-12 17:33:15,819 INFO: User Subha logged in successfully [in C:\Users\subha\OneDrive\Desktop\Flask_asgmnt\HashKart_assignmnet\HashKart\app\auth\routes.py:53]
2024-06-12 17:33:33,446 INFO: Fetched all discounts [in C:\Users\subha\OneDrive\Desktop\Flask_asgmnt\HashKart_assignmnet\HashKart\app\discount\routes.py:40]
2024-06-12 17:34:45,945 INFO: Discount SUMMER2024 applied to order 1 [in C:\Users\subha\OneDrive\Desktop\Flask_asgmnt\HashKart_assignmnet\HashKart\app\discount\routes.py:84]
2024-06-12 17:35:51,796 WARNING: Order 2 not found or already processed for user 2 [in C:\Users\subha\OneDrive\Desktop\Flask_asgmnt\HashKart_assignmnet\HashKart\app\order\routes.py:90]
2024-06-12 17:36:13,444 INFO: Payment processed successfully for order 1 [in C:\Users\subha\OneDrive\Desktop\Flask_asgmnt\HashKart_assignmnet\HashKart\app\order\routes.py:105]
2024-06-12 17:51:22,133 INFO: HashKart startup [in C:\Users\subha\OneDrive\Desktop\Flask_asgmnt\HashKart_assignmnet\HashKart\app\__init__.py:28]
2024-06-12 17:53:35,896 INFO: HashKart startup [in C:\Users\subha\OneDrive\Desktop\Flask_asgmnt\HashKart_assignmnet\HashKart\app\__init__.py:28]
2024-06-12 17:53:35,920 ERROR: Error in login: 415 Unsupported Media Type: Did not attempt to load JSON data because the request Content-Type was not 'application/json'. [in C:\Users\subha\OneDrive\Desktop\Flask_asgmnt\HashKart_assignmnet\HashKart\app\auth\routes.py:57]
2024-06-12 17:53:35,949 INFO: HashKart startup [in C:\Users\subha\OneDrive\Desktop\Flask_asgmnt\HashKart_assignmnet\HashKart\app\__init__.py:28]
2024-06-12 17:53:35,949 INFO: HashKart startup [in C:\Users\subha\OneDrive\Desktop\Flask_asgmnt\HashKart_assignmnet\HashKart\app\__init__.py:28]
2024-06-12 17:53:35,984 WARNING: Login failed: Invalid username or password [in C:\Users\subha\OneDrive\Desktop\Flask_asgmnt\HashKart_assignmnet\HashKart\app\auth\routes.py:49]
2024-06-12 17:53:35,984 WARNING: Login failed: Invalid username or password [in C:\Users\subha\OneDrive\Desktop\Flask_asgmnt\HashKart_assignmnet\HashKart\app\auth\routes.py:49]
2024-06-12 17:53:36,018 INFO: HashKart startup [in C:\Users\subha\OneDrive\Desktop\Flask_asgmnt\HashKart_assignmnet\HashKart\app\__init__.py:28]
2024-06-12 17:53:36,018 INFO: HashKart startup [in C:\Users\subha\OneDrive\Desktop\Flask_asgmnt\HashKart_assignmnet\HashKart\app\__init__.py:28]
2024-06-12 17:53:36,018 INFO: HashKart startup [in C:\Users\subha\OneDrive\Desktop\Flask_asgmnt\HashKart_assignmnet\HashKart\app\__init__.py:28]
2024-06-12 17:53:36,083 INFO: HashKart startup [in C:\Users\subha\OneDrive\Desktop\Flask_asgmnt\HashKart_assignmnet\HashKart\app\__init__.py:28]
2024-06-12 17:53:36,083 INFO: HashKart startup [in C:\Users\subha\OneDrive\Desktop\Flask_asgmnt\HashKart_assignmnet\HashKart\app\__init__.py:28]
2024-06-12 17:53:36,083 INFO: HashKart startup [in C:\Users\subha\OneDrive\Desktop\Flask_asgmnt\HashKart_assignmnet\HashKart\app\__init__.py:28]
2024-06-12 17:53:36,083 INFO: HashKart startup [in C:\Users\subha\OneDrive\Desktop\Flask_asgmnt\HashKart_assignmnet\HashKart\app\__init__.py:28]
2024-06-12 17:53:36,210 INFO: User testuser created successfully [in C:\Users\subha\OneDrive\Desktop\Flask_asgmnt\HashKart_assignmnet\HashKart\app\auth\routes.py:32]
2024-06-12 17:53:36,210 INFO: User testuser created successfully [in C:\Users\subha\OneDrive\Desktop\Flask_asgmnt\HashKart_assignmnet\HashKart\app\auth\routes.py:32]
2024-06-12 17:53:36,210 INFO: User testuser created successfully [in C:\Users\subha\OneDrive\Desktop\Flask_asgmnt\HashKart_assignmnet\HashKart\app\auth\routes.py:32]
2024-06-12 17:53:36,210 INFO: User testuser created successfully [in C:\Users\subha\OneDrive\Desktop\Flask_asgmnt\HashKart_assignmnet\HashKart\app\auth\routes.py:32]
2024-06-12 17:53:36,309 INFO: User testuser logged in successfully [in C:\Users\subha\OneDrive\Desktop\Flask_asgmnt\HashKart_assignmnet\HashKart\app\auth\routes.py:53]
2024-06-12 17:53:36,309 INFO: User testuser logged in successfully [in C:\Users\subha\OneDrive\Desktop\Flask_asgmnt\HashKart_assignmnet\HashKart\app\auth\routes.py:53]
2024-06-12 17:53:36,309 INFO: User testuser logged in successfully [in C:\Users\subha\OneDrive\Desktop\Flask_asgmnt\HashKart_assignmnet\HashKart\app\auth\routes.py:53]
2024-06-12 17:53:36,309 INFO: User testuser logged in successfully [in C:\Users\subha\OneDrive\Desktop\Flask_asgmnt\HashKart_assignmnet\HashKart\app\auth\routes.py:53]
2024-06-12 17:53:36,309 INFO: User testuser accessed their profile [in C:\Users\subha\OneDrive\Desktop\Flask_asgmnt\HashKart_assignmnet\HashKart\app\auth\routes.py:71]
2024-06-12 17:53:36,309 INFO: User testuser accessed their profile [in C:\Users\subha\OneDrive\Desktop\Flask_asgmnt\HashKart_assignmnet\HashKart\app\auth\routes.py:71]
2024-06-12 17:53:36,309 INFO: User testuser accessed their profile [in C:\Users\subha\OneDrive\Desktop\Flask_asgmnt\HashKart_assignmnet\HashKart\app\auth\routes.py:71]
2024-06-12 17:53:36,309 INFO: User testuser accessed their profile [in C:\Users\subha\OneDrive\Desktop\Flask_asgmnt\HashKart_assignmnet\HashKart\app\auth\routes.py:71]
2024-06-12 17:53:36,343 INFO: HashKart startup [in C:\Users\subha\OneDrive\Desktop\Flask_asgmnt\HashKart_assignmnet\HashKart\app\__init__.py:28]
2024-06-12 17:53:36,343 INFO: HashKart startup [in C:\Users\subha\OneDrive\Desktop\Flask_asgmnt\HashKart_assignmnet\HashKart\app\__init__.py:28]
2024-06-12 17:53:36,343 INFO: HashKart startup [in C:\Users\subha\OneDrive\Desktop\Flask_asgmnt\HashKart_assignmnet\HashKart\app\__init__.py:28]
2024-06-12 17:53:36,343 INFO: HashKart startup [in C:\Users\subha\OneDrive\Desktop\Flask_asgmnt\HashKart_assignmnet\HashKart\app\__init__.py:28]
2024-06-12 17:53:36,343 INFO: HashKart startup [in C:\Users\subha\OneDrive\Desktop\Flask_asgmnt\HashKart_assignmnet\HashKart\app\__init__.py:28]
2024-06-12 17:53:36,388 ERROR: Error in signup: 415 Unsupported Media Type: Did not attempt to load JSON data because the request Content-Type was not 'application/json'. [in C:\Users\subha\OneDrive\Desktop\Flask_asgmnt\HashKart_assignmnet\HashKart\app\auth\routes.py:36]
2024-06-12 17:53:36,388 ERROR: Error in signup: 415 Unsupported Media Type: Did not attempt to load JSON data because the request Content-Type was not 'application/json'. [in C:\Users\subha\OneDrive\Desktop\Flask_asgmnt\HashKart_assignmnet\HashKart\app\auth\routes.py:36]
2024-06-12 17:53:36,388 ERROR: Error in signup: 415 Unsupported Media Type: Did not attempt to load JSON data because the request Content-Type was not 'application/json'. [in C:\Users\subha\OneDrive\Desktop\Flask_asgmnt\HashKart_assignmnet\HashKart\app\auth\routes.py:36]
2024-06-12 17:53:36,388 ERROR: Error in signup: 415 Unsupported Media Type: Did not attempt to load JSON data because the request Content-Type was not 'application/json'. [in C:\Users\subha\OneDrive\Desktop\Flask_asgmnt\HashKart_assignmnet\HashKart\app\auth\routes.py:36]
2024-06-12 17:53:36,388 ERROR: Error in signup: 415 Unsupported Media Type: Did not attempt to load JSON data because the request Content-Type was not 'application/json'. [in C:\Users\subha\OneDrive\Desktop\Flask_asgmnt\HashKart_assignmnet\HashKart\app\auth\routes.py:36]
2024-06-12 17:53:36,415 INFO: HashKart startup [in C:\Users\subha\OneDrive\Desktop\Flask_asgmnt\HashKart_assignmnet\HashKart\app\__init__.py:28]
